Enter a string:
The Final string after removing character "A" from first 2 characters of given input string is: 
"B"
Enter a string:
The Final string after removing character "A" from first 2 characters of given input string is: 
""
Enter a string:
The Final string after removing character "A" from first 2 characters of given input string is: 
"BCDS"
Enter a string:
The Final string after removing character "A" from first 2 characters of given input string is: 
"BBCCDD"
Enter a string:
The Final string after removing character "A" from first 2 characters of given input string is: 
"BBCCDD"
Enter a string:
The Final string after removing character "A" from first 2 characters of given input string is: 
"BCDAASDF"
Enter a string:
The Final string after removing character "A" from first 2 characters of given input string is: 
""
